app/build/intermediates/manifest_merge_blame_file/debug/manifest-merger-blame-debug-report.txt
1<?xml version="1.0" encoding="utf-8"?>
2<manifest xmlns:android="http://schemas.android.com/apk/res/android"
3    package="com.example.twoscreenapp"
4    android:versionCode="1"
5    android:versionName="1.0" >
6
7    <uses-sdk
8        android:minSdkVersion="21"
8-->src\main\AndroidManifest.xml
9        android:targetSdkVersion="29" />
9-->src\main\AndroidManifest.xml
10
11    <uses-permission android:name="android.permission.CAMERA" />
11-->src\main\AndroidManifest.xml:5:5-65
11-->src\main\AndroidManifest.xml:5:22-62
12
13    <uses-feature
13-->src\main\AndroidManifest.xml:7:5-9:35
14        android:name="android.hardware.camera.ar"
14-->src\main\AndroidManifest.xml:8:9-50
15        android:required="true" />
15-->src\main\AndroidManifest.xml:9:9-32
16
17    <uses-permission android:name="android.permission.WRITE_EXTERNAL_STORAGE" />
17-->src\main\AndroidManifest.xml:11:5-81
17-->src\main\AndroidManifest.xml:11:22-78
18    <uses-permission android:name="android.permission.READ_EXTERNAL_STORAGE" />
18-->src\main\AndroidManifest.xml:12:5-80
18-->src\main\AndroidManifest.xml:12:22-77
19    <uses-permission android:name="android.permission.INTERNET" />
19-->src\main\AndroidManifest.xml:13:5-67
19-->src\main\AndroidManifest.xml:13:22-64
20
21    <!-- Although the *SdkVersion is captured in gradle build files, this is required for non gradle builds -->
22    <!-- <uses-sdk android:minSdkVersion="14"/> -->
23    <uses-permission android:name="android.permission.ACCESS_NETWORK_STATE" />
23-->[com.google.firebase:firebase-database:19.4.0] AndroidManifest.xml:25:5-79
23-->[com.google.firebase:firebase-database:19.4.0] AndroidManifest.xml:25:22-76
24
25    <application
25-->src\main\AndroidManifest.xml:15:5-54:19
26        android:allowBackup="true"
26-->src\main\AndroidManifest.xml:16:9-35
27        android:appComponentFactory="androidx.core.app.CoreComponentFactory"
27-->[androidx.core:core:1.3.1] AndroidManifest.xml:24:18-86
28        android:debuggable="true"
29        android:icon="@mipmap/ic_launcher"
29-->src\main\AndroidManifest.xml:17:9-43
30        android:label="@string/app_name"
30-->src\main\AndroidManifest.xml:18:9-41
31        android:requestLegacyExternalStorage="true"
31-->src\main\AndroidManifest.xml:19:9-52
32        android:roundIcon="@mipmap/ic_launcher_round"
32-->src\main\AndroidManifest.xml:20:9-54
33        android:supportsRtl="true"
33-->src\main\AndroidManifest.xml:21:9-35
34        android:testOnly="true"
35        android:theme="@style/AppTheme"
35-->src\main\AndroidManifest.xml:22:9-40
36        android:usesCleartextTraffic="true" >
36-->src\main\AndroidManifest.xml:23:9-44
37        <activity android:name="com.example.twoscreenapp.RecommendationPage" />
37-->src\main\AndroidManifest.xml:24:9-65
37-->src\main\AndroidManifest.xml:24:19-53
38        <activity android:name="com.example.twoscreenapp.PreviewPhoto" />
38-->src\main\AndroidManifest.xml:25:9-50
38-->src\main\AndroidManifest.xml:25:19-47
39        <activity
39-->src\main\AndroidManifest.xml:26:9-28:58
40            android:name="com.example.twoscreenapp.CameraPage"
40-->src\main\AndroidManifest.xml:27:13-39
41            android:parentActivityName="com.example.twoscreenapp.MainActivity" />
41-->src\main\AndroidManifest.xml:28:13-55
42        <activity android:name="com.example.twoscreenapp.MainActivity" >
42-->src\main\AndroidManifest.xml:29:9-35:20
42-->src\main\AndroidManifest.xml:29:19-47
43            <intent-filter>
43-->src\main\AndroidManifest.xml:30:13-34:29
44                <action android:name="android.intent.action.MAIN" />
44-->src\main\AndroidManifest.xml:31:17-69
44-->src\main\AndroidManifest.xml:31:25-66
45
46                <category android:name="android.intent.category.LAUNCHER" />
46-->src\main\AndroidManifest.xml:33:17-77
46-->src\main\AndroidManifest.xml:33:27-74
47            </intent-filter>
48        </activity>
49
50        <meta-data
50-->src\main\AndroidManifest.xml:37:9-39:40
51            android:name="com.google.ar.core"
51-->src\main\AndroidManifest.xml:38:13-46
52            android:value="required" />
52-->src\main\AndroidManifest.xml:39:13-37
53
54        <provider
55            android:name="androidx.core.content.FileProvider"
55-->src\main\AndroidManifest.xml:42:13-62
56            android:authorities="com.example.twoscreenapp.ar.codelab.name.provider"
56-->src\main\AndroidManifest.xml:43:13-76
57            android:exported="false"
57-->src\main\AndroidManifest.xml:44:13-37
58            android:grantUriPermissions="true" >
58-->src\main\AndroidManifest.xml:45:13-47
59            <meta-data
59-->src\main\AndroidManifest.xml:46:13-48:49
60                android:name="android.support.FILE_PROVIDER_PATHS"
60-->src\main\AndroidManifest.xml:47:17-67
61                android:resource="@xml/paths" />
61-->src\main\AndroidManifest.xml:48:17-46
62        </provider>
63
64        <uses-library
64-->src\main\AndroidManifest.xml:51:9-53:40
65            android:name="org.apache.http.legacy"
65-->src\main\AndroidManifest.xml:52:13-50
66            android:required="false" />
66-->src\main\AndroidManifest.xml:53:13-37
67
68        <service
68-->[com.google.firebase:firebase-database:19.4.0] AndroidManifest.xml:29:9-35:19
69            android:name="com.google.firebase.components.ComponentDiscoveryService"
69-->[com.google.firebase:firebase-database:19.4.0] AndroidManifest.xml:30:13-84
70            android:directBootAware="true"
70-->[com.google.firebase:firebase-common:19.3.1] AndroidManifest.xml:35:13-43
71            android:exported="false" >
71-->[com.google.firebase:firebase-database:19.4.0] AndroidManifest.xml:31:13-37
72            <meta-data
72-->[com.google.firebase:firebase-database:19.4.0] AndroidManifest.xml:32:13-34:85
73                android:name="com.google.firebase.components:com.google.firebase.database.DatabaseRegistrar"
73-->[com.google.firebase:firebase-database:19.4.0] AndroidManifest.xml:33:17-109
74                android:value="com.google.firebase.components.ComponentRegistrar" />
74-->[com.google.firebase:firebase-database:19.4.0] AndroidManifest.xml:34:17-82
75            <meta-data
75-->[com.google.firebase:firebase-auth:19.3.1] AndroidManifest.xml:36:13-38:85
76                android:name="com.google.firebase.components:com.google.firebase.auth.FirebaseAuthRegistrar"
76-->[com.google.firebase:firebase-auth:19.3.1] AndroidManifest.xml:37:17-109
77                android:value="com.google.firebase.components.ComponentRegistrar" />
77-->[com.google.firebase:firebase-auth:19.3.1] AndroidManifest.xml:38:17-82
78        </service>
79
80        <activity
80-->[com.google.firebase:firebase-auth:19.3.1] AndroidManifest.xml:24:9-31:50
81            android:name="com.google.firebase.auth.internal.FederatedSignInActivity"
81-->[com.google.firebase:firebase-auth:19.3.1] AndroidManifest.xml:25:13-85
82            android:excludeFromRecents="true"
82-->[com.google.firebase:firebase-auth:19.3.1] AndroidManifest.xml:26:13-46
83            android:exported="true"
83-->[com.google.firebase:firebase-auth:19.3.1] AndroidManifest.xml:27:13-36
84            android:launchMode="singleTask"
84-->[com.google.firebase:firebase-auth:19.3.1] AndroidManifest.xml:28:13-44
85            android:permission="com.google.firebase.auth.api.gms.permission.LAUNCH_FEDERATED_SIGN_IN"
85-->[com.google.firebase:firebase-auth:19.3.1] AndroidManifest.xml:29:13-102
86            android:theme="@android:style/Theme.Translucent.NoTitleBar" />
86-->[com.google.firebase:firebase-auth:19.3.1] AndroidManifest.xml:30:13-72
87        <activity
87-->[com.google.android.gms:play-services-auth:17.0.0] AndroidManifest.xml:23:9-27:75
88            android:name="com.google.android.gms.auth.api.signin.internal.SignInHubActivity"
88-->[com.google.android.gms:play-services-auth:17.0.0] AndroidManifest.xml:24:13-93
89            android:excludeFromRecents="true"
89-->[com.google.android.gms:play-services-auth:17.0.0] AndroidManifest.xml:25:13-46
90            android:exported="false"
90-->[com.google.android.gms:play-services-auth:17.0.0] AndroidManifest.xml:26:13-37
91            android:theme="@android:style/Theme.Translucent.NoTitleBar" />
91-->[com.google.android.gms:play-services-auth:17.0.0] AndroidManifest.xml:27:13-72
92        <!--
93            Service handling Google Sign-In user revocation. For apps that do not integrate with
94            Google Sign-In, this service will never be started.
95        -->
96        <service
96-->[com.google.android.gms:play-services-auth:17.0.0] AndroidManifest.xml:33:9-36:110
97            android:name="com.google.android.gms.auth.api.signin.RevocationBoundService"
97-->[com.google.android.gms:play-services-auth:17.0.0] AndroidManifest.xml:34:13-89
98            android:exported="true"
98-->[com.google.android.gms:play-services-auth:17.0.0] AndroidManifest.xml:35:13-36
99            android:permission="com.google.android.gms.auth.api.signin.permission.REVOCATION_NOTIFICATION" />
99-->[com.google.android.gms:play-services-auth:17.0.0] AndroidManifest.xml:36:13-107
100
101        <provider
101-->[com.google.firebase:firebase-common:19.3.1] AndroidManifest.xml:26:9-31:39
102            android:name="com.google.firebase.provider.FirebaseInitProvider"
102-->[com.google.firebase:firebase-common:19.3.1] AndroidManifest.xml:27:13-77
103            android:authorities="com.example.twoscreenapp.firebaseinitprovider"
103-->[com.google.firebase:firebase-common:19.3.1] AndroidManifest.xml:28:13-72
104            android:directBootAware="true"
104-->[com.google.firebase:firebase-common:19.3.1] AndroidManifest.xml:29:13-43
105            android:exported="false"
105-->[com.google.firebase:firebase-common:19.3.1] AndroidManifest.xml:30:13-37
106            android:initOrder="100" />
106-->[com.google.firebase:firebase-common:19.3.1] AndroidManifest.xml:31:13-36
107
108        <activity
108-->[com.google.android.gms:play-services-base:17.1.0] AndroidManifest.xml:23:9-26:75
109            android:name="com.google.android.gms.common.api.GoogleApiActivity"
109-->[com.google.android.gms:play-services-base:17.1.0] AndroidManifest.xml:24:13-79
110            android:exported="false"
110-->[com.google.android.gms:play-services-base:17.1.0] AndroidManifest.xml:25:13-37
111            android:theme="@android:style/Theme.Translucent.NoTitleBar" />
111-->[com.google.android.gms:play-services-base:17.1.0] AndroidManifest.xml:26:13-72
112
113        <meta-data
113-->[com.google.android.gms:play-services-basement:17.0.0] AndroidManifest.xml:23:9-25:69
114            android:name="com.google.android.gms.version"
114-->[com.google.android.gms:play-services-basement:17.0.0] AndroidManifest.xml:24:13-58
115            android:value="@integer/google_play_services_version" /> <!-- The minimal version code of ARCore APK required for an app using this SDK. -->
115-->[com.google.android.gms:play-services-basement:17.0.0] AndroidManifest.xml:25:13-66
116        <meta-data
116-->[com.google.ar:core:1.15.0] AndroidManifest.xml:33:9-35:41
117            android:name="com.google.ar.core.min_apk_version"
117-->[com.google.ar:core:1.15.0] AndroidManifest.xml:34:13-62
118            android:value="191106000" /> <!-- This activity is critical for installing ARCore when it is not already present. -->
118-->[com.google.ar:core:1.15.0] AndroidManifest.xml:35:13-38
119        <activity
119-->[com.google.ar:core:1.15.0] AndroidManifest.xml:37:9-43:80
120            android:name="com.google.ar.core.InstallActivity"
120-->[com.google.ar:core:1.15.0] AndroidManifest.xml:38:13-62
121            android:configChanges="keyboardHidden|orientation|screenSize"
121-->[com.google.ar:core:1.15.0] AndroidManifest.xml:39:13-74
122            android:excludeFromRecents="true"
122-->[com.google.ar:core:1.15.0] AndroidManifest.xml:40:13-46
123            android:exported="false"
123-->[com.google.ar:core:1.15.0] AndroidManifest.xml:41:13-37
124            android:launchMode="singleTop"
124-->[com.google.ar:core:1.15.0] AndroidManifest.xml:42:13-43
125            android:theme="@android:style/Theme.Material.Light.Dialog.Alert" />
125-->[com.google.ar:core:1.15.0] AndroidManifest.xml:43:13-77
126    </application>
127
128</manifest>